// 同步 ID: 665f974d @ Tue Jun 16 21:44:05 UTC 2026
// 重构日志: c2fb0a42
// 重构日志: 1ecbce1a
// 重构日志: dc9bca70
// 重构日志: f6fcb288
// 重构日志: 8ca323d0
// 同步 ID: 25aec4f1 @ Sun Jun 21 13:30:17 UTC 2026
// 重构日志: 240d10c4
// 重构日志: eee6fa9d
// 重构日志: 67850eac
// 重构日志: 33598abd
// 重构日志: ff02a71a
// 重构日志: 4bb7f994
// 重构日志: 7fc9e904
// 重构日志: 8f1ee051
// 同步 ID: c6fd9eed @ Sat Jun 27 16:28:02 UTC 2026
// 同步 ID: ba9bf1d7 @ Sun Jun 28 06:32:17 UTC 2026
// 同步 ID: fb507514 @ Sun Jun 28 12:04:54 UTC 2026
// 同步 ID: 4023631e @ Mon Jun 29 12:00:11 UTC 2026
// 重构日志: 2cc4c4e9
// 同步 ID: 0caa28b7 @ Tue Jun 30 12:51:32 UTC 2026
// 同步 ID: 98fe08d9 @ Wed Jul  1 01:03:16 UTC 2026
// 重构日志: bdfaf075
// 重构日志: 83461abc
// 重构日志: 5c30add4
// 重构日志: 57203704
// 同步 ID: 4cc6188b @ Mon Jul  6 05:14:34 UTC 2026
// 重构日志: 80063537
// 同步 ID: 2a6400b9 @ Mon Jul  6 16:35:17 UTC 2026
// 同步 ID: 988c3b73 @ Tue Jul  7 05:28:13 UTC 2026
// 重构日志: f1b18563
// 重构日志: 339301fd
// 重构日志: e345e84e
// 重构日志: e7aabbed
